36.0 APEX_CODE,FINEST;APEX_PROFILING,INFO;CALLOUT,INFO;DB,INFO;NBA,INFO;SYSTEM,DEBUG;VALIDATION,INFO;VISUALFORCE,INFO;WAVE,INFO;WORKFLOW,INFO
15:23:13.0 (379325)|USER_INFO|[EXTERNAL]|0051r000008DWt2|bezrukava.anastasia@playful-raccoon-107066.com|Greenwich Mean Time|GMT+01:00
15:23:13.0 (424426)|EXECUTION_STARTED
15:23:13.0 (428661)|CODE_UNIT_STARTED|[EXTERNAL]|0661r000002Ya4O|VF: /apex/Candidate_Info_as_PDF
15:23:13.26 (26161274)|CUMULATIVE_LIMIT_USAGE
15:23:13.26 (26161274)|LIMIT_USAGE_FOR_NS|(default)|
  Number of SOQL queries: 0 out of 100
  Number of query rows: 0 out of 50000
  Number of SOSL queries: 0 out of 20
  Number of DML statements: 0 out of 150
  Number of DML rows: 0 out of 10000
  Maximum CPU time: 0 out of 10000
  Maximum heap size: 0 out of 6000000
  Number of callouts: 0 out of 100
  Number of Email Invocations: 0 out of 10
  Number of future calls: 0 out of 50
  Number of queueable jobs added to the queue: 0 out of 50
  Number of Mobile Apex push calls: 0 out of 10

15:23:13.26 (26161274)|CUMULATIVE_LIMIT_USAGE_END

15:23:13.0 (26215659)|CODE_UNIT_FINISHED|VF: /apex/Candidate_Info_as_PDF
15:23:13.0 (26903709)|EXECUTION_FINISHED
