36.0 APEX_CODE,FINEST;APEX_PROFILING,INFO;CALLOUT,INFO;DB,INFO;NBA,INFO;SYSTEM,DEBUG;VALIDATION,INFO;VISUALFORCE,INFO;WAVE,INFO;WORKFLOW,INFO
09:02:17.0 (334103)|USER_INFO|[EXTERNAL]|0051r000008DWt2|bezrukava.anastasia@playful-raccoon-107066.com|Greenwich Mean Time|GMT+01:00
09:02:17.0 (403391)|EXECUTION_STARTED
09:02:17.0 (412060)|CODE_UNIT_STARTED|[EXTERNAL]|0661r000002Ya4O|VF: /apex/Candidate_Info_as_PDF
09:02:17.0 (4007964)|SYSTEM_MODE_ENTER|true
09:02:17.0 (4321761)|HEAP_ALLOCATE|[72]|Bytes:3
09:02:17.0 (4355849)|HEAP_ALLOCATE|[77]|Bytes:152
09:02:17.0 (4369843)|HEAP_ALLOCATE|[342]|Bytes:408
09:02:17.0 (4381592)|HEAP_ALLOCATE|[355]|Bytes:408
09:02:17.0 (4392234)|HEAP_ALLOCATE|[467]|Bytes:48
09:02:17.0 (4415959)|HEAP_ALLOCATE|[139]|Bytes:6
09:02:17.0 (4431339)|HEAP_ALLOCATE|[EXTERNAL]|Bytes:80
09:02:17.0 (4437529)|HEAP_ALLOCATE|[EXTERNAL]|Bytes:8
09:02:17.0 (4441449)|HEAP_ALLOCATE|[EXTERNAL]|Bytes:2
09:02:17.0 (4461568)|METHOD_ENTRY|[1]|01p1r00000Em9wr|candidateController.candidateController()
09:02:17.0 (4470447)|STATEMENT_EXECUTE|[1]
09:02:17.0 (4474561)|STATEMENT_EXECUTE|[1]
09:02:17.0 (4502330)|HEAP_ALLOCATE|[50]|Bytes:5
09:02:17.0 (4521553)|HEAP_ALLOCATE|[56]|Bytes:5
09:02:17.0 (4528725)|HEAP_ALLOCATE|[64]|Bytes:7
09:02:17.0 (4544688)|SYSTEM_MODE_ENTER|false
09:02:17.0 (4557715)|HEAP_ALLOCATE|[EXTERNAL]|Bytes:5
09:02:17.0 (4565903)|SYSTEM_MODE_EXIT|false
09:02:17.0 (4578369)|METHOD_EXIT|[1]|candidateController
09:02:17.0 (4592348)|HEAP_ALLOCATE|[EXTERNAL]|Bytes:8
09:02:17.0 (4600918)|VARIABLE_SCOPE_BEGIN|[12]|this|candidateController|true|false
09:02:17.0 (4700247)|VARIABLE_ASSIGNMENT|[12]|this|{}|0x6d6cd84f
09:02:17.0 (4714355)|SYSTEM_MODE_ENTER|false
09:02:17.0 (4721147)|HEAP_ALLOCATE|[13]|Bytes:5
09:02:17.0 (4725831)|STATEMENT_EXECUTE|[1]
09:02:17.0 (4728738)|HEAP_ALLOCATE|[13]|Bytes:5
09:02:17.0 (4731826)|STATEMENT_EXECUTE|[3]
09:02:17.0 (4738898)|HEAP_ALLOCATE|[13]|Bytes:6
09:02:17.0 (4768661)|STATEMENT_EXECUTE|[12]
09:02:17.0 (4770773)|STATEMENT_EXECUTE|[13]
09:02:17.0 (4773628)|HEAP_ALLOCATE|[13]|Bytes:82
09:02:17.0 (4793459)|HEAP_ALLOCATE|[13]|Bytes:4
09:02:17.0 (4803576)|HEAP_ALLOCATE|[13]|Bytes:7
09:02:17.0 (4873960)|HEAP_ALLOCATE|[14]|Bytes:48
09:02:17.0 (4922728)|HEAP_ALLOCATE|[14]|Bytes:17
09:02:17.0 (4942975)|HEAP_ALLOCATE|[14]|Bytes:2
09:02:17.0 (6166229)|SOQL_EXECUTE_BEGIN|[13]|Aggregations:0|SELECT Name, Id, First_Name__c, Last_Name__c FROM Candidate__c WHERE Id = :tmpVar1
09:02:17.0 (8767725)|SOQL_EXECUTE_END|[13]|Rows:1
09:02:17.0 (8793268)|HEAP_ALLOCATE|[13]|Bytes:8
09:02:17.0 (8813236)|HEAP_ALLOCATE|[13]|Bytes:89
09:02:17.0 (8899820)|HEAP_ALLOCATE|[13]|Bytes:8
09:02:17.0 (8917427)|HEAP_ALLOCATE|[13]|Bytes:38
09:02:17.0 (8965632)|HEAP_ALLOCATE|[13]|Bytes:20
09:02:17.0 (9025050)|VARIABLE_ASSIGNMENT|[EXTERNAL]|this|{}|0x6d6cd84f
09:02:17.0 (9051384)|VARIABLE_ASSIGNMENT|[EXTERNAL]|value|{"Name":"C-0000","Id":"a0C1r00003R2iEaEAJ","First_Name__c":"Pashka","Last_Name__c":"Pashkov"}|0x2ca0c50c
09:02:17.0 (9075677)|VARIABLE_ASSIGNMENT|[3]|this.cand|{"Name":"C-0000","Id":"a0C1r00003R2iEaEAJ","First_Name__c":"Pashka","Last_Name__c":"Pashkov"}|0x6d6cd84f
09:02:17.0 (9087872)|STATEMENT_EXECUTE|[15]
09:02:17.0 (9126900)|VARIABLE_ASSIGNMENT|[EXTERNAL]|this|{"cand":"0x2ca0c50c"}|0x6d6cd84f
09:02:17.0 (9198196)|USER_DEBUG|[15]|DEBUG|Candidate__c:{Name=C-0000, Id=a0C1r00003R2iEaEAJ, First_Name__c=Pashka, Last_Name__c=Pashkov}
09:02:17.0 (9213811)|SYSTEM_MODE_EXIT|false
09:02:17.0 (9288674)|SYSTEM_MODE_ENTER|true
09:02:17.0 (9343022)|HEAP_ALLOCATE|[EXTERNAL]|Bytes:8
09:02:17.0 (9352440)|VARIABLE_SCOPE_BEGIN|[5]|this|candidateController|true|false
09:02:17.0 (9377565)|VARIABLE_ASSIGNMENT|[5]|this|{"cand":"0x2ca0c50c"}|0x6d6cd84f
09:02:17.0 (9392638)|SYSTEM_MODE_ENTER|false
09:02:17.0 (9400893)|HEAP_ALLOCATE|[6]|Bytes:5
09:02:17.0 (9405670)|STATEMENT_EXECUTE|[5]
09:02:17.0 (9407690)|STATEMENT_EXECUTE|[6]
09:02:17.0 (9434908)|VARIABLE_ASSIGNMENT|[EXTERNAL]|this|{"cand":"0x2ca0c50c"}|0x6d6cd84f
09:02:17.0 (9449565)|SYSTEM_MODE_EXIT|false
09:02:17.12 (12257021)|EXCEPTION_THROWN|[EXTERNAL]|System.SObjectException: SObject row was retrieved via SOQL without querying the requested field: Candidate__c.Email__c
09:02:17.76 (76080329)|CUMULATIVE_LIMIT_USAGE
09:02:17.76 (76080329)|LIMIT_USAGE_FOR_NS|(default)|
  Number of SOQL queries: 1 out of 100
  Number of query rows: 1 out of 50000
  Number of SOSL queries: 0 out of 20
  Number of DML statements: 0 out of 150
  Number of DML rows: 0 out of 10000
  Maximum CPU time: 0 out of 10000
  Maximum heap size: 0 out of 6000000
  Number of callouts: 0 out of 100
  Number of Email Invocations: 0 out of 10
  Number of future calls: 0 out of 50
  Number of queueable jobs added to the queue: 0 out of 50
  Number of Mobile Apex push calls: 0 out of 10

09:02:17.76 (76080329)|CUMULATIVE_LIMIT_USAGE_END

09:02:17.0 (76148594)|CODE_UNIT_FINISHED|VF: /apex/Candidate_Info_as_PDF
09:02:17.0 (77017888)|EXECUTION_FINISHED
