36.0 APEX_CODE,FINEST;APEX_PROFILING,INFO;CALLOUT,INFO;DB,INFO;NBA,INFO;SYSTEM,DEBUG;VALIDATION,INFO;VISUALFORCE,INFO;WAVE,INFO;WORKFLOW,INFO
15:57:43.0 (333042)|USER_INFO|[EXTERNAL]|0051r000008DWt2|bezrukava.anastasia@playful-raccoon-107066.com|Greenwich Mean Time|GMT+01:00
15:57:43.0 (366795)|EXECUTION_STARTED
15:57:43.0 (371294)|CODE_UNIT_STARTED|[EXTERNAL]|0661r000002Ya4O|VF: /apex/Candidate_Info_as_PDF
15:57:43.24 (24588045)|CUMULATIVE_LIMIT_USAGE
15:57:43.24 (24588045)|LIMIT_USAGE_FOR_NS|(default)|
  Number of SOQL queries: 0 out of 100
  Number of query rows: 0 out of 50000
  Number of SOSL queries: 0 out of 20
  Number of DML statements: 0 out of 150
  Number of DML rows: 0 out of 10000
  Maximum CPU time: 0 out of 10000
  Maximum heap size: 0 out of 6000000
  Number of callouts: 0 out of 100
  Number of Email Invocations: 0 out of 10
  Number of future calls: 0 out of 50
  Number of queueable jobs added to the queue: 0 out of 50
  Number of Mobile Apex push calls: 0 out of 10

15:57:43.24 (24588045)|CUMULATIVE_LIMIT_USAGE_END

15:57:43.0 (24645211)|CODE_UNIT_FINISHED|VF: /apex/Candidate_Info_as_PDF
15:57:43.0 (25306208)|EXECUTION_FINISHED
