36.0 APEX_CODE,FINEST;APEX_PROFILING,INFO;CALLOUT,INFO;DB,INFO;NBA,INFO;SYSTEM,DEBUG;VALIDATION,INFO;VISUALFORCE,INFO;WAVE,INFO;WORKFLOW,INFO
09:00:49.0 (397709)|USER_INFO|[EXTERNAL]|0051r000008DWt2|bezrukava.anastasia@playful-raccoon-107066.com|Greenwich Mean Time|GMT+01:00
09:00:49.0 (464888)|EXECUTION_STARTED
09:00:49.0 (471843)|CODE_UNIT_STARTED|[EXTERNAL]|0661r000002Ya4O|VF: /apex/Candidate_Info_as_PDF
09:00:49.0 (1834640)|SYSTEM_MODE_ENTER|true
09:00:49.0 (2345690)|HEAP_ALLOCATE|[72]|Bytes:3
09:00:49.0 (2391114)|HEAP_ALLOCATE|[77]|Bytes:152
09:00:49.0 (2406583)|HEAP_ALLOCATE|[342]|Bytes:408
09:00:49.0 (2419584)|HEAP_ALLOCATE|[355]|Bytes:408
09:00:49.0 (2431922)|HEAP_ALLOCATE|[467]|Bytes:48
09:00:49.0 (2458429)|HEAP_ALLOCATE|[139]|Bytes:6
09:00:49.0 (2474908)|HEAP_ALLOCATE|[EXTERNAL]|Bytes:80
09:00:49.0 (2480731)|HEAP_ALLOCATE|[EXTERNAL]|Bytes:8
09:00:49.0 (2484237)|HEAP_ALLOCATE|[EXTERNAL]|Bytes:2
09:00:49.0 (2535512)|METHOD_ENTRY|[1]|01p1r00000Em9wr|candidateController.candidateController()
09:00:49.0 (2547645)|STATEMENT_EXECUTE|[1]
09:00:49.0 (2553180)|STATEMENT_EXECUTE|[1]
09:00:49.0 (2602843)|HEAP_ALLOCATE|[50]|Bytes:5
09:00:49.0 (2627968)|HEAP_ALLOCATE|[56]|Bytes:5
09:00:49.0 (2638723)|HEAP_ALLOCATE|[64]|Bytes:7
09:00:49.0 (2655894)|SYSTEM_MODE_ENTER|false
09:00:49.0 (2675767)|HEAP_ALLOCATE|[EXTERNAL]|Bytes:5
09:00:49.0 (2690313)|SYSTEM_MODE_EXIT|false
09:00:49.0 (2707911)|METHOD_EXIT|[1]|candidateController
09:00:49.0 (2727601)|HEAP_ALLOCATE|[EXTERNAL]|Bytes:8
09:00:49.0 (2805532)|VARIABLE_SCOPE_BEGIN|[12]|this|candidateController|true|false
09:00:49.0 (2883903)|VARIABLE_ASSIGNMENT|[12]|this|{}|0x3fb4a715
09:00:49.0 (2901776)|SYSTEM_MODE_ENTER|false
09:00:49.0 (2910739)|HEAP_ALLOCATE|[13]|Bytes:5
09:00:49.0 (2916271)|STATEMENT_EXECUTE|[1]
09:00:49.0 (2919641)|HEAP_ALLOCATE|[13]|Bytes:5
09:00:49.0 (2923012)|STATEMENT_EXECUTE|[3]
09:00:49.0 (2931225)|HEAP_ALLOCATE|[13]|Bytes:6
09:00:49.0 (2972526)|STATEMENT_EXECUTE|[12]
09:00:49.0 (2975711)|STATEMENT_EXECUTE|[13]
09:00:49.0 (2980255)|HEAP_ALLOCATE|[13]|Bytes:82
09:00:49.0 (3009990)|HEAP_ALLOCATE|[13]|Bytes:4
09:00:49.0 (3028768)|HEAP_ALLOCATE|[13]|Bytes:7
09:00:49.0 (3125123)|HEAP_ALLOCATE|[14]|Bytes:48
09:00:49.0 (3177384)|HEAP_ALLOCATE|[14]|Bytes:17
09:00:49.0 (3209076)|HEAP_ALLOCATE|[14]|Bytes:2
09:00:49.0 (3513317)|SOQL_EXECUTE_BEGIN|[13]|Aggregations:0|SELECT Name, Id, First_Name__c, Last_Name__c FROM Candidate__c WHERE Id = :tmpVar1
09:00:49.0 (17161552)|SOQL_EXECUTE_END|[13]|Rows:1
09:00:49.0 (17188494)|HEAP_ALLOCATE|[13]|Bytes:8
09:00:49.0 (17204721)|HEAP_ALLOCATE|[13]|Bytes:89
09:00:49.0 (17277718)|HEAP_ALLOCATE|[13]|Bytes:8
09:00:49.0 (17292101)|HEAP_ALLOCATE|[13]|Bytes:38
09:00:49.0 (17323796)|HEAP_ALLOCATE|[13]|Bytes:20
09:00:49.0 (17389486)|VARIABLE_ASSIGNMENT|[EXTERNAL]|this|{}|0x3fb4a715
09:00:49.0 (17415264)|VARIABLE_ASSIGNMENT|[EXTERNAL]|value|{"Name":"C-0000","Id":"a0C1r00003R2iEaEAJ","First_Name__c":"Pashka","Last_Name__c":"Pashkov"}|0x34686464
09:00:49.0 (17441876)|VARIABLE_ASSIGNMENT|[3]|this.cand|{"Name":"C-0000","Id":"a0C1r00003R2iEaEAJ","First_Name__c":"Pashka","Last_Name__c":"Pashkov"}|0x3fb4a715
09:00:49.0 (17455303)|STATEMENT_EXECUTE|[15]
09:00:49.0 (17497810)|VARIABLE_ASSIGNMENT|[EXTERNAL]|this|{"cand":"0x34686464"}|0x3fb4a715
09:00:49.0 (17570191)|USER_DEBUG|[15]|DEBUG|Candidate__c:{Name=C-0000, Id=a0C1r00003R2iEaEAJ, First_Name__c=Pashka, Last_Name__c=Pashkov}
09:00:49.0 (17589491)|SYSTEM_MODE_EXIT|false
09:00:49.0 (17646103)|SYSTEM_MODE_ENTER|true
09:00:49.0 (17699544)|HEAP_ALLOCATE|[EXTERNAL]|Bytes:8
09:00:49.0 (17738031)|VARIABLE_SCOPE_BEGIN|[5]|this|candidateController|true|false
09:00:49.0 (17763001)|VARIABLE_ASSIGNMENT|[5]|this|{"cand":"0x34686464"}|0x3fb4a715
09:00:49.0 (17777016)|SYSTEM_MODE_ENTER|false
09:00:49.0 (17783694)|HEAP_ALLOCATE|[6]|Bytes:5
09:00:49.0 (17788313)|STATEMENT_EXECUTE|[5]
09:00:49.0 (17790319)|STATEMENT_EXECUTE|[6]
09:00:49.0 (17815964)|VARIABLE_ASSIGNMENT|[EXTERNAL]|this|{"cand":"0x34686464"}|0x3fb4a715
09:00:49.0 (17830988)|SYSTEM_MODE_EXIT|false
09:00:49.66 (66646658)|CUMULATIVE_LIMIT_USAGE
09:00:49.66 (66646658)|LIMIT_USAGE_FOR_NS|(default)|
  Number of SOQL queries: 1 out of 100
  Number of query rows: 1 out of 50000
  Number of SOSL queries: 0 out of 20
  Number of DML statements: 0 out of 150
  Number of DML rows: 0 out of 10000
  Maximum CPU time: 0 out of 10000
  Maximum heap size: 0 out of 6000000
  Number of callouts: 0 out of 100
  Number of Email Invocations: 0 out of 10
  Number of future calls: 0 out of 50
  Number of queueable jobs added to the queue: 0 out of 50
  Number of Mobile Apex push calls: 0 out of 10

09:00:49.66 (66646658)|CUMULATIVE_LIMIT_USAGE_END

09:00:49.0 (66717136)|CODE_UNIT_FINISHED|VF: /apex/Candidate_Info_as_PDF
09:00:49.0 (67605281)|EXECUTION_FINISHED
