36.0 APEX_CODE,FINEST;APEX_PROFILING,INFO;CALLOUT,INFO;DB,INFO;NBA,INFO;SYSTEM,DEBUG;VALIDATION,INFO;VISUALFORCE,INFO;WAVE,INFO;WORKFLOW,INFO
09:02:13.0 (363249)|USER_INFO|[EXTERNAL]|0051r000008DWt2|bezrukava.anastasia@playful-raccoon-107066.com|Greenwich Mean Time|GMT+01:00
09:02:13.0 (429580)|EXECUTION_STARTED
09:02:13.0 (439701)|CODE_UNIT_STARTED|[EXTERNAL]|0661r000002Ya4O|VF: /apex/Candidate_Info_as_PDF
09:02:13.0 (1459854)|SYSTEM_MODE_ENTER|true
09:02:13.0 (1862844)|HEAP_ALLOCATE|[72]|Bytes:3
09:02:13.0 (1902146)|HEAP_ALLOCATE|[77]|Bytes:152
09:02:13.0 (1915616)|HEAP_ALLOCATE|[342]|Bytes:408
09:02:13.0 (1928084)|HEAP_ALLOCATE|[355]|Bytes:408
09:02:13.0 (1939598)|HEAP_ALLOCATE|[467]|Bytes:48
09:02:13.0 (1963010)|HEAP_ALLOCATE|[139]|Bytes:6
09:02:13.0 (1978439)|HEAP_ALLOCATE|[EXTERNAL]|Bytes:80
09:02:13.0 (1984066)|HEAP_ALLOCATE|[EXTERNAL]|Bytes:8
09:02:13.0 (1987813)|HEAP_ALLOCATE|[EXTERNAL]|Bytes:2
09:02:13.0 (2011956)|METHOD_ENTRY|[1]|01p1r00000Em9wr|candidateController.candidateController()
09:02:13.0 (2025658)|STATEMENT_EXECUTE|[1]
09:02:13.0 (2030074)|STATEMENT_EXECUTE|[1]
09:02:13.0 (2072856)|HEAP_ALLOCATE|[50]|Bytes:5
09:02:13.0 (2095361)|HEAP_ALLOCATE|[56]|Bytes:5
09:02:13.0 (2103509)|HEAP_ALLOCATE|[64]|Bytes:7
09:02:13.0 (2122627)|SYSTEM_MODE_ENTER|false
09:02:13.0 (2136570)|HEAP_ALLOCATE|[EXTERNAL]|Bytes:5
09:02:13.0 (2146266)|SYSTEM_MODE_EXIT|false
09:02:13.0 (2157875)|METHOD_EXIT|[1]|candidateController
09:02:13.0 (2174527)|HEAP_ALLOCATE|[EXTERNAL]|Bytes:8
09:02:13.0 (2182842)|VARIABLE_SCOPE_BEGIN|[12]|this|candidateController|true|false
09:02:13.0 (2251958)|VARIABLE_ASSIGNMENT|[12]|this|{}|0x30dbc44b
09:02:13.0 (2267448)|SYSTEM_MODE_ENTER|false
09:02:13.0 (2274896)|HEAP_ALLOCATE|[13]|Bytes:5
09:02:13.0 (2280259)|STATEMENT_EXECUTE|[1]
09:02:13.0 (2283707)|HEAP_ALLOCATE|[13]|Bytes:5
09:02:13.0 (2287348)|STATEMENT_EXECUTE|[3]
09:02:13.0 (2295594)|HEAP_ALLOCATE|[13]|Bytes:6
09:02:13.0 (2327383)|STATEMENT_EXECUTE|[12]
09:02:13.0 (2329917)|STATEMENT_EXECUTE|[13]
09:02:13.0 (2332993)|HEAP_ALLOCATE|[13]|Bytes:82
09:02:13.0 (2361871)|HEAP_ALLOCATE|[13]|Bytes:4
09:02:13.0 (2373318)|HEAP_ALLOCATE|[13]|Bytes:7
09:02:13.0 (2439154)|HEAP_ALLOCATE|[14]|Bytes:48
09:02:13.0 (2485303)|HEAP_ALLOCATE|[14]|Bytes:17
09:02:13.0 (2506065)|HEAP_ALLOCATE|[14]|Bytes:2
09:02:13.0 (2797344)|SOQL_EXECUTE_BEGIN|[13]|Aggregations:0|SELECT Name, Id, First_Name__c, Last_Name__c FROM Candidate__c WHERE Id = :tmpVar1
09:02:13.0 (5315439)|SOQL_EXECUTE_END|[13]|Rows:1
09:02:13.0 (5338781)|HEAP_ALLOCATE|[13]|Bytes:8
09:02:13.0 (5359625)|HEAP_ALLOCATE|[13]|Bytes:89
09:02:13.0 (5426100)|HEAP_ALLOCATE|[13]|Bytes:8
09:02:13.0 (5437988)|HEAP_ALLOCATE|[13]|Bytes:38
09:02:13.0 (5480494)|HEAP_ALLOCATE|[13]|Bytes:20
09:02:13.0 (5530914)|VARIABLE_ASSIGNMENT|[EXTERNAL]|this|{}|0x30dbc44b
09:02:13.0 (5559850)|VARIABLE_ASSIGNMENT|[EXTERNAL]|value|{"Name":"C-0000","Id":"a0C1r00003R2iEaEAJ","First_Name__c":"Pashka","Last_Name__c":"Pashkov"}|0x5d541de6
09:02:13.0 (5582407)|VARIABLE_ASSIGNMENT|[3]|this.cand|{"Name":"C-0000","Id":"a0C1r00003R2iEaEAJ","First_Name__c":"Pashka","Last_Name__c":"Pashkov"}|0x30dbc44b
09:02:13.0 (5593999)|STATEMENT_EXECUTE|[15]
09:02:13.0 (5637511)|VARIABLE_ASSIGNMENT|[EXTERNAL]|this|{"cand":"0x5d541de6"}|0x30dbc44b
09:02:13.0 (5709974)|USER_DEBUG|[15]|DEBUG|Candidate__c:{Name=C-0000, Id=a0C1r00003R2iEaEAJ, First_Name__c=Pashka, Last_Name__c=Pashkov}
09:02:13.0 (5726581)|SYSTEM_MODE_EXIT|false
09:02:13.0 (5778921)|SYSTEM_MODE_ENTER|true
09:02:13.0 (5824418)|HEAP_ALLOCATE|[EXTERNAL]|Bytes:8
09:02:13.0 (5833582)|VARIABLE_SCOPE_BEGIN|[5]|this|candidateController|true|false
09:02:13.0 (5866592)|VARIABLE_ASSIGNMENT|[5]|this|{"cand":"0x5d541de6"}|0x30dbc44b
09:02:13.0 (5883027)|SYSTEM_MODE_ENTER|false
09:02:13.0 (5891409)|HEAP_ALLOCATE|[6]|Bytes:5
09:02:13.0 (5896956)|STATEMENT_EXECUTE|[5]
09:02:13.0 (5899623)|STATEMENT_EXECUTE|[6]
09:02:13.0 (5934216)|VARIABLE_ASSIGNMENT|[EXTERNAL]|this|{"cand":"0x5d541de6"}|0x30dbc44b
09:02:13.0 (5950616)|SYSTEM_MODE_EXIT|false
09:02:13.9 (9075415)|EXCEPTION_THROWN|[EXTERNAL]|System.SObjectException: SObject row was retrieved via SOQL without querying the requested field: Candidate__c.Email__c
09:02:13.75 (75110959)|CUMULATIVE_LIMIT_USAGE
09:02:13.75 (75110959)|LIMIT_USAGE_FOR_NS|(default)|
  Number of SOQL queries: 1 out of 100
  Number of query rows: 1 out of 50000
  Number of SOSL queries: 0 out of 20
  Number of DML statements: 0 out of 150
  Number of DML rows: 0 out of 10000
  Maximum CPU time: 0 out of 10000
  Maximum heap size: 0 out of 6000000
  Number of callouts: 0 out of 100
  Number of Email Invocations: 0 out of 10
  Number of future calls: 0 out of 50
  Number of queueable jobs added to the queue: 0 out of 50
  Number of Mobile Apex push calls: 0 out of 10

09:02:13.75 (75110959)|CUMULATIVE_LIMIT_USAGE_END

09:02:13.0 (75175876)|CODE_UNIT_FINISHED|VF: /apex/Candidate_Info_as_PDF
09:02:13.0 (75849904)|EXECUTION_FINISHED
