36.0 APEX_CODE,FINEST;APEX_PROFILING,INFO;CALLOUT,INFO;DB,INFO;NBA,INFO;SYSTEM,DEBUG;VALIDATION,INFO;VISUALFORCE,INFO;WAVE,INFO;WORKFLOW,INFO
08:48:58.0 (298939)|USER_INFO|[EXTERNAL]|0051r000008DWt2|bezrukava.anastasia@playful-raccoon-107066.com|Greenwich Mean Time|GMT+01:00
08:48:58.0 (357962)|EXECUTION_STARTED
08:48:58.0 (365853)|CODE_UNIT_STARTED|[EXTERNAL]|0661r000002Ya4O|VF: /apex/Candidate_Info_as_PDF
08:48:58.0 (4235981)|SYSTEM_MODE_ENTER|true
08:48:58.0 (4596814)|HEAP_ALLOCATE|[72]|Bytes:3
08:48:58.0 (4637959)|HEAP_ALLOCATE|[77]|Bytes:152
08:48:58.0 (4651421)|HEAP_ALLOCATE|[342]|Bytes:408
08:48:58.0 (4662865)|HEAP_ALLOCATE|[355]|Bytes:408
08:48:58.0 (4673399)|HEAP_ALLOCATE|[467]|Bytes:48
08:48:58.0 (4698684)|HEAP_ALLOCATE|[139]|Bytes:6
08:48:58.0 (4713250)|HEAP_ALLOCATE|[EXTERNAL]|Bytes:104
08:48:58.0 (4718803)|HEAP_ALLOCATE|[EXTERNAL]|Bytes:5
08:48:58.0 (4722248)|HEAP_ALLOCATE|[EXTERNAL]|Bytes:4
08:48:58.0 (4742300)|METHOD_ENTRY|[1]|01p1r00000Em9wr|candidateController.candidateController()
08:48:58.0 (4751138)|STATEMENT_EXECUTE|[1]
08:48:58.0 (4755822)|STATEMENT_EXECUTE|[1]
08:48:58.0 (4762260)|METHOD_EXIT|[1]|candidateController
08:48:58.0 (4851530)|HEAP_ALLOCATE|[EXTERNAL]|Bytes:12
08:48:58.0 (4868964)|VARIABLE_SCOPE_BEGIN|[6]|this|candidateController|true|false
08:48:58.0 (4943495)|VARIABLE_ASSIGNMENT|[6]|this|{}|0x696ceb5b
08:48:58.0 (4954051)|STATEMENT_EXECUTE|[1]
08:48:58.0 (4955888)|STATEMENT_EXECUTE|[3]
08:48:58.0 (4957411)|STATEMENT_EXECUTE|[4]
08:48:58.0 (4965100)|HEAP_ALLOCATE|[7]|Bytes:6
08:48:58.0 (5023551)|STATEMENT_EXECUTE|[6]
08:48:58.0 (5026253)|STATEMENT_EXECUTE|[7]
08:48:58.0 (5029548)|HEAP_ALLOCATE|[7]|Bytes:82
08:48:58.0 (5051512)|HEAP_ALLOCATE|[7]|Bytes:4
08:48:58.0 (5083491)|HEAP_ALLOCATE|[7]|Bytes:7
08:48:58.0 (5099313)|HEAP_ALLOCATE|[50]|Bytes:5
08:48:58.0 (5115726)|HEAP_ALLOCATE|[56]|Bytes:5
08:48:58.0 (5122845)|HEAP_ALLOCATE|[64]|Bytes:7
08:48:58.0 (5199070)|HEAP_ALLOCATE|[8]|Bytes:48
08:48:58.0 (5245470)|HEAP_ALLOCATE|[8]|Bytes:17
08:48:58.0 (5266985)|HEAP_ALLOCATE|[8]|Bytes:2
08:48:58.0 (6422685)|SOQL_EXECUTE_BEGIN|[7]|Aggregations:0|SELECT Name, Id, First_Name__c, Last_Name__c FROM Candidate__c WHERE Id = :tmpVar1
08:48:58.0 (8648206)|SOQL_EXECUTE_END|[7]|Rows:1
08:48:58.0 (8671445)|HEAP_ALLOCATE|[7]|Bytes:8
08:48:58.0 (8688969)|HEAP_ALLOCATE|[7]|Bytes:89
08:48:58.0 (8734449)|HEAP_ALLOCATE|[7]|Bytes:8
08:48:58.0 (8746497)|HEAP_ALLOCATE|[7]|Bytes:38
08:48:58.0 (8787542)|HEAP_ALLOCATE|[7]|Bytes:20
08:48:58.0 (8836752)|VARIABLE_ASSIGNMENT|[EXTERNAL]|this|{}|0x696ceb5b
08:48:58.0 (8863551)|VARIABLE_ASSIGNMENT|[EXTERNAL]|value|{"Name":"C-0000","Id":"a0C1r00003R2iEaEAJ","First_Name__c":"Pashka","Last_Name__c":"Pashkov"}|0x12a679c4
08:48:58.0 (8898753)|VARIABLE_ASSIGNMENT|[3]|this.cand|{"Name":"C-0000","Id":"a0C1r00003R2iEaEAJ","First_Name__c":"Pashka","Last_Name__c":"Pashkov"}|0x696ceb5b
08:48:58.0 (8914728)|STATEMENT_EXECUTE|[9]
08:48:58.0 (8960244)|VARIABLE_ASSIGNMENT|[EXTERNAL]|this|{"cand":"0x12a679c4"}|0x696ceb5b
08:48:58.0 (9031287)|USER_DEBUG|[9]|DEBUG|Candidate__c:{Name=C-0000, Id=a0C1r00003R2iEaEAJ, First_Name__c=Pashka, Last_Name__c=Pashkov}
08:48:58.0 (9042586)|STATEMENT_EXECUTE|[10]
08:48:58.0 (9096385)|VARIABLE_ASSIGNMENT|[EXTERNAL]|this|{"cand":"0x12a679c4"}|0x696ceb5b
08:48:58.0 (9130742)|VARIABLE_ASSIGNMENT|[EXTERNAL]|this|{"cand":"0x12a679c4"}|0x696ceb5b
08:48:58.0 (9223774)|HEAP_ALLOCATE|[10]|Bytes:41
08:48:58.0 (9353473)|FATAL_ERROR|System.NullPointerException: Attempt to de-reference a null object

Class.candidateController.<init>: line 10, column 1
08:48:58.64 (64016731)|CUMULATIVE_LIMIT_USAGE
08:48:58.64 (64016731)|LIMIT_USAGE_FOR_NS|(default)|
  Number of SOQL queries: 1 out of 100
  Number of query rows: 1 out of 50000
  Number of SOSL queries: 0 out of 20
  Number of DML statements: 0 out of 150
  Number of DML rows: 0 out of 10000
  Maximum CPU time: 0 out of 10000
  Maximum heap size: 0 out of 6000000
  Number of callouts: 0 out of 100
  Number of Email Invocations: 0 out of 10
  Number of future calls: 0 out of 50
  Number of queueable jobs added to the queue: 0 out of 50
  Number of Mobile Apex push calls: 0 out of 10

08:48:58.64 (64016731)|CUMULATIVE_LIMIT_USAGE_END

08:48:58.0 (64085779)|CODE_UNIT_FINISHED|VF: /apex/Candidate_Info_as_PDF
08:48:58.0 (64822137)|EXECUTION_FINISHED
