36.0 APEX_CODE,FINEST;APEX_PROFILING,INFO;CALLOUT,INFO;DB,INFO;NBA,INFO;SYSTEM,DEBUG;VALIDATION,INFO;VISUALFORCE,INFO;WAVE,INFO;WORKFLOW,INFO
09:02:51.0 (417728)|USER_INFO|[EXTERNAL]|0051r000008DWt2|bezrukava.anastasia@playful-raccoon-107066.com|Greenwich Mean Time|GMT+01:00
09:02:51.0 (506716)|EXECUTION_STARTED
09:02:51.0 (515409)|CODE_UNIT_STARTED|[EXTERNAL]|0661r000002Ya4O|VF: /apex/Candidate_Info_as_PDF
09:02:51.0 (1675352)|SYSTEM_MODE_ENTER|true
09:02:51.0 (2159637)|HEAP_ALLOCATE|[72]|Bytes:3
09:02:51.0 (2202824)|HEAP_ALLOCATE|[77]|Bytes:152
09:02:51.0 (2216237)|HEAP_ALLOCATE|[342]|Bytes:408
09:02:51.0 (2228634)|HEAP_ALLOCATE|[355]|Bytes:408
09:02:51.0 (2240137)|HEAP_ALLOCATE|[467]|Bytes:48
09:02:51.0 (2264123)|HEAP_ALLOCATE|[139]|Bytes:6
09:02:51.0 (2281060)|HEAP_ALLOCATE|[EXTERNAL]|Bytes:80
09:02:51.0 (2286843)|HEAP_ALLOCATE|[EXTERNAL]|Bytes:8
09:02:51.0 (2292551)|HEAP_ALLOCATE|[EXTERNAL]|Bytes:2
09:02:51.0 (2314219)|METHOD_ENTRY|[1]|01p1r00000Em9wr|candidateController.candidateController()
09:02:51.0 (2324451)|STATEMENT_EXECUTE|[1]
09:02:51.0 (2329675)|STATEMENT_EXECUTE|[1]
09:02:51.0 (2362263)|HEAP_ALLOCATE|[50]|Bytes:5
09:02:51.0 (2383989)|HEAP_ALLOCATE|[56]|Bytes:5
09:02:51.0 (2391663)|HEAP_ALLOCATE|[64]|Bytes:7
09:02:51.0 (2413995)|SYSTEM_MODE_ENTER|false
09:02:51.0 (2433904)|HEAP_ALLOCATE|[EXTERNAL]|Bytes:5
09:02:51.0 (2448714)|SYSTEM_MODE_EXIT|false
09:02:51.0 (2463148)|METHOD_EXIT|[1]|candidateController
09:02:51.0 (2479366)|HEAP_ALLOCATE|[EXTERNAL]|Bytes:8
09:02:51.0 (2489401)|VARIABLE_SCOPE_BEGIN|[12]|this|candidateController|true|false
09:02:51.0 (2547335)|VARIABLE_ASSIGNMENT|[12]|this|{}|0x49fae53e
09:02:51.0 (2569750)|SYSTEM_MODE_ENTER|false
09:02:51.0 (2579267)|HEAP_ALLOCATE|[13]|Bytes:5
09:02:51.0 (2585351)|STATEMENT_EXECUTE|[1]
09:02:51.0 (2591117)|HEAP_ALLOCATE|[13]|Bytes:5
09:02:51.0 (2595568)|STATEMENT_EXECUTE|[3]
09:02:51.0 (2606270)|HEAP_ALLOCATE|[13]|Bytes:6
09:02:51.0 (2641501)|STATEMENT_EXECUTE|[12]
09:02:51.0 (2643691)|STATEMENT_EXECUTE|[13]
09:02:51.0 (2647817)|HEAP_ALLOCATE|[13]|Bytes:82
09:02:51.0 (2669404)|HEAP_ALLOCATE|[13]|Bytes:4
09:02:51.0 (2681679)|HEAP_ALLOCATE|[13]|Bytes:7
09:02:51.0 (2771344)|HEAP_ALLOCATE|[14]|Bytes:48
09:02:51.0 (2824183)|HEAP_ALLOCATE|[14]|Bytes:17
09:02:51.0 (2848091)|HEAP_ALLOCATE|[14]|Bytes:2
09:02:51.0 (3185798)|SOQL_EXECUTE_BEGIN|[13]|Aggregations:0|SELECT Name, Id, First_Name__c, Last_Name__c FROM Candidate__c WHERE Id = :tmpVar1
09:02:51.0 (6444270)|SOQL_EXECUTE_END|[13]|Rows:1
09:02:51.0 (6470343)|HEAP_ALLOCATE|[13]|Bytes:8
09:02:51.0 (6487406)|HEAP_ALLOCATE|[13]|Bytes:89
09:02:51.0 (6572923)|HEAP_ALLOCATE|[13]|Bytes:8
09:02:51.0 (6585070)|HEAP_ALLOCATE|[13]|Bytes:38
09:02:51.0 (6634579)|HEAP_ALLOCATE|[13]|Bytes:20
09:02:51.0 (6682554)|VARIABLE_ASSIGNMENT|[EXTERNAL]|this|{}|0x49fae53e
09:02:51.0 (6710056)|VARIABLE_ASSIGNMENT|[EXTERNAL]|value|{"Name":"C-0000","Id":"a0C1r00003R2iEaEAJ","First_Name__c":"Pashka","Last_Name__c":"Pashkov"}|0x439c80d4
09:02:51.0 (6735212)|VARIABLE_ASSIGNMENT|[3]|this.cand|{"Name":"C-0000","Id":"a0C1r00003R2iEaEAJ","First_Name__c":"Pashka","Last_Name__c":"Pashkov"}|0x49fae53e
09:02:51.0 (6747614)|STATEMENT_EXECUTE|[15]
09:02:51.0 (6783003)|VARIABLE_ASSIGNMENT|[EXTERNAL]|this|{"cand":"0x439c80d4"}|0x49fae53e
09:02:51.0 (6856079)|USER_DEBUG|[15]|DEBUG|Candidate__c:{Name=C-0000, Id=a0C1r00003R2iEaEAJ, First_Name__c=Pashka, Last_Name__c=Pashkov}
09:02:51.0 (6872063)|SYSTEM_MODE_EXIT|false
09:02:51.0 (6951835)|SYSTEM_MODE_ENTER|true
09:02:51.0 (7007740)|HEAP_ALLOCATE|[EXTERNAL]|Bytes:8
09:02:51.0 (7018957)|VARIABLE_SCOPE_BEGIN|[5]|this|candidateController|true|false
09:02:51.0 (7042507)|VARIABLE_ASSIGNMENT|[5]|this|{"cand":"0x439c80d4"}|0x49fae53e
09:02:51.0 (7057742)|SYSTEM_MODE_ENTER|false
09:02:51.0 (7065694)|HEAP_ALLOCATE|[6]|Bytes:5
09:02:51.0 (7070283)|STATEMENT_EXECUTE|[5]
09:02:51.0 (7072414)|STATEMENT_EXECUTE|[6]
09:02:51.0 (7104211)|VARIABLE_ASSIGNMENT|[EXTERNAL]|this|{"cand":"0x439c80d4"}|0x49fae53e
09:02:51.0 (7120413)|SYSTEM_MODE_EXIT|false
09:02:51.60 (60782275)|CUMULATIVE_LIMIT_USAGE
09:02:51.60 (60782275)|LIMIT_USAGE_FOR_NS|(default)|
  Number of SOQL queries: 1 out of 100
  Number of query rows: 1 out of 50000
  Number of SOSL queries: 0 out of 20
  Number of DML statements: 0 out of 150
  Number of DML rows: 0 out of 10000
  Maximum CPU time: 0 out of 10000
  Maximum heap size: 0 out of 6000000
  Number of callouts: 0 out of 100
  Number of Email Invocations: 0 out of 10
  Number of future calls: 0 out of 50
  Number of queueable jobs added to the queue: 0 out of 50
  Number of Mobile Apex push calls: 0 out of 10

09:02:51.60 (60782275)|CUMULATIVE_LIMIT_USAGE_END

09:02:51.0 (60861610)|CODE_UNIT_FINISHED|VF: /apex/Candidate_Info_as_PDF
09:02:51.0 (61655261)|EXECUTION_FINISHED
